<?xml version="1.0" encoding="UTF-8"?>
<!-- Generated by org.testng.reporters.JUnitReportReporter -->
<testsuite hostname="AkkiHP" failures="0" tests="1" name="TestCases.PlaceOrderPage4Test" time="23.140" errors="0" timestamp="2022-11-22T21:26:32 IST" skipped="0">
  <testcase classname="TestCases.PlaceOrderPage4Test" name="TestClickCart" time="23.140"/>
  <system-out/>
</testsuite> <!-- TestCases.PlaceOrderPage4Test -->
