<?xml version="1.0" encoding="UTF-8"?>
<!-- Generated by org.testng.reporters.JUnitReportReporter -->
<testsuite hostname="AkkiHP" failures="0" tests="1" name="TestCases.ProductDescriptionPage2Test" time="17.143" errors="0" timestamp="2022-11-22T17:25:30 IST" skipped="0">
  <testcase classname="TestCases.ProductDescriptionPage2Test" name="testSamsungGalaxyaddToCart" time="17.143"/>
  <system-out/>
</testsuite> <!-- TestCases.ProductDescriptionPage2Test -->
