<?xml version="1.0" encoding="UTF-8"?>
<!-- Generated by org.testng.reporters.JUnitReportReporter -->
<testsuite hostname="AkkiHP" failures="0" tests="1" name="TestCases.CartPage3Test" time="14.846" errors="0" timestamp="2022-11-22T17:42:49 IST" skipped="0">
  <testcase classname="TestCases.CartPage3Test" name="TestClickCart" time="14.846"/>
  <system-out/>
</testsuite> <!-- TestCases.CartPage3Test -->
