<?xml version="1.0" encoding="UTF-8"?>
<!-- Generated by org.testng.reporters.JUnitReportReporter -->
<testsuite hostname="AkkiHP" failures="0" tests="3" name="TestCases.HomePage1Test" time="33.665" errors="0" timestamp="2022-11-22T16:59:28 IST" skipped="0">
  <testcase classname="TestCases.HomePage1Test" name="testSamsungGalaxy" time="12.922"/>
  <system-out/>
  <testcase classname="TestCases.HomePage1Test" name="testLowerLogo" time="7.635"/>
  <system-out/>
  <testcase classname="TestCases.HomePage1Test" name="testUpperLogo" time="13.108"/>
  <system-out/>
</testsuite> <!-- TestCases.HomePage1Test -->
